Date      = Thu Jul 31 02:45:20 PM EDT 2025
host      = c0610a-s6
Directory = /blue/azare/jruizmunoz/ghiforecasting
Loaded modules:
Thu Jul 31 14:45:43 2025       
+-----------------------------------------------------------------------------------------+
| NVIDIA-SMI 570.148.08             Driver Version: 570.148.08     CUDA Version: 12.8     |
|-----------------------------------------+------------------------+----------------------+
| GPU  Name                 Persistence-M | Bus-Id          Disp.A | Volatile Uncorr. ECC |
| Fan  Temp   Perf          Pwr:Usage/Cap |           Memory-Usage | GPU-Util  Compute M. |
|                                         |                        |               MIG M. |
|=========================================+========================+======================|
|   0  NVIDIA L4                      On  |   00000000:C1:00.0 Off |                    0 |
| N/A   29C    P8             16W /   70W |       0MiB /  23034MiB |      0%      Default |
|                                         |                        |                  N/A |
+-----------------------------------------+------------------------+----------------------+
                                                                                         
+-----------------------------------------------------------------------------------------+
| Processes:                                                                              |
|  GPU   GI   CI              PID   Type   Process name                        GPU Memory |
|        ID   ID                                                               Usage      |
|=========================================================================================|
|  No running processes found                                                             |
+-----------------------------------------------------------------------------------------+
Python version: Python 3.8.13
TensorFlow version: 2.6.0
GPU Available: [PhysicalDevice(name='/physical_device:GPU:0', device_type='GPU')]
Checking package versions:
Spektral version: 1.3.0
SciPy version: 1.9.3
NumPy version: 1.19.2
Testing GPU functionality...
TensorFlow GPU test:
GPU devices: [PhysicalDevice(name='/physical_device:GPU:0', device_type='GPU')]
GPU computation test: [[1. 3.]
 [3. 7.]]
GPU test successful!
